2025-04-10 15:32:51.320404 - Received SBGOLOB.CBT509.FILE937 from FILE937.XMI 
2025-04-10 15:32:51.322371 - Found $$$#DATE.txt (text/plain) in SBGOLOB.CBT509.FILE937, moved to PDS/$$$#DATE
2025-04-10 15:32:51.322498 - Found $$$COSGS.txt (text/plain) in SBGOLOB.CBT509.FILE937, moved to PDS/$$$COSGS
2025-04-10 15:32:51.322618 - Found $$ALLOCL.jcl (text/plain) in SBGOLOB.CBT509.FILE937, moved to PDS/$$ALLOCL
2025-04-10 15:32:51.322727 - Found $$BDMALL.jcl (text/plain) in SBGOLOB.CBT509.FILE937, moved to PDS/$$BDMALL
2025-04-10 15:32:51.322829 - Found $$BDMONE.jcl (text/plain) in SBGOLOB.CBT509.FILE937, moved to PDS/$$BDMONE
2025-04-10 15:32:51.322932 - Found ###BAT.txt (text/plain) in SBGOLOB.CBT509.FILE937, moved to PDS/###BAT
2025-04-10 15:32:51.323040 - Found ###TSO.txt (text/plain) in SBGOLOB.CBT509.FILE937, moved to PDS/###TSO
2025-04-10 15:32:51.323167 - Found BDMCALC.txt (text/plain) in SBGOLOB.CBT509.FILE937, moved to PDS/BDMCALC
2025-04-10 15:32:51.323275 - Found BDMCLEAN.txt (text/plain) in SBGOLOB.CBT509.FILE937, moved to PDS/BDMCLEAN
2025-04-10 15:32:51.323378 - Found BDMCVMSG.txt (text/plain) in SBGOLOB.CBT509.FILE937, moved to PDS/BDMCVMSG
2025-04-10 15:32:51.323498 - Found BDMDEL.txt (text/plain) in SBGOLOB.CBT509.FILE937, moved to PDS/BDMDEL
2025-04-10 15:32:51.323609 - Found BDMDIAG.txt (text/plain) in SBGOLOB.CBT509.FILE937, moved to PDS/BDMDIAG
2025-04-10 15:32:51.323719 - Found BDMDSFIX.txt (text/plain) in SBGOLOB.CBT509.FILE937, moved to PDS/BDMDSFIX
2025-04-10 15:32:51.323848 - Found BDMDUMP.txt (text/plain) in SBGOLOB.CBT509.FILE937, moved to PDS/BDMDUMP
2025-04-10 15:32:51.323961 - Found BDMEXPND.txt (text/plain) in SBGOLOB.CBT509.FILE937, moved to PDS/BDMEXPND
2025-04-10 15:32:51.324066 - Found BDMGTMSG.txt (text/plain) in SBGOLOB.CBT509.FILE937, moved to PDS/BDMGTMSG
2025-04-10 15:32:51.324182 - Found BDMGTUID.txt (text/plain) in SBGOLOB.CBT509.FILE937, moved to PDS/BDMGTUID
2025-04-10 15:32:51.324306 - Found BDMINIT.txt (text/plain) in SBGOLOB.CBT509.FILE937, moved to PDS/BDMINIT
2025-04-10 15:32:51.324415 - Found BDMLIST.txt (text/plain) in SBGOLOB.CBT509.FILE937, moved to PDS/BDMLIST
2025-04-10 15:32:51.324524 - Found BDMLRBA.txt (text/plain) in SBGOLOB.CBT509.FILE937, moved to PDS/BDMLRBA
2025-04-10 15:32:51.324641 - Found BDMMLOAD.txt (text/plain) in SBGOLOB.CBT509.FILE937, moved to PDS/BDMMLOAD
2025-04-10 15:32:51.324750 - Found BDMNLIST.txt (text/plain) in SBGOLOB.CBT509.FILE937, moved to PDS/BDMNLIST
2025-04-10 15:32:51.324859 - Found BDMNOTFY.txt (text/plain) in SBGOLOB.CBT509.FILE937, moved to PDS/BDMNOTFY
2025-04-10 15:32:51.324960 - Found BDMNUPD.txt (text/plain) in SBGOLOB.CBT509.FILE937, moved to PDS/BDMNUPD
2025-04-10 15:32:51.325088 - Found BDMNXPRT.txt (text/plain) in SBGOLOB.CBT509.FILE937, moved to PDS/BDMNXPRT
2025-04-10 15:32:51.325254 - Found BDMPUTL.txt (text/plain) in SBGOLOB.CBT509.FILE937, moved to PDS/BDMPUTL
2025-04-10 15:32:51.325362 - Found BDMREST.txt (text/plain) in SBGOLOB.CBT509.FILE937, moved to PDS/BDMREST
2025-04-10 15:32:51.325501 - Found BDMSCAN.txt (text/plain) in SBGOLOB.CBT509.FILE937, moved to PDS/BDMSCAN
2025-04-10 15:32:51.325618 - Found BDMSEND.txt (text/plain) in SBGOLOB.CBT509.FILE937, moved to PDS/BDMSEND
2025-04-10 15:32:51.325736 - Found BDMULOAD.txt (text/plain) in SBGOLOB.CBT509.FILE937, moved to PDS/BDMULOAD
2025-04-10 15:32:51.325857 - Found BDMUSADD.txt (text/plain) in SBGOLOB.CBT509.FILE937, moved to PDS/BDMUSADD
2025-04-10 15:32:51.325978 - Found BDMUSDEL.txt (text/plain) in SBGOLOB.CBT509.FILE937, moved to PDS/BDMUSDEL
2025-04-10 15:32:51.326094 - Found BDMUSERS.txt (text/plain) in SBGOLOB.CBT509.FILE937, moved to PDS/BDMUSERS
2025-04-10 15:32:51.326216 - Found BDMUSORT.txt (text/plain) in SBGOLOB.CBT509.FILE937, moved to PDS/BDMUSORT
2025-04-10 15:32:51.326327 - Found BDMUTIL.rexx (text/plain) in SBGOLOB.CBT509.FILE937, moved to PDS/BDMUTIL
2025-04-10 15:32:51.326439 - Found BDMUTILD.rexx (text/plain) in SBGOLOB.CBT509.FILE937, moved to PDS/BDMUTILD
2025-04-10 15:32:51.326551 - Found BDMXPORT.txt (text/plain) in SBGOLOB.CBT509.FILE937, moved to PDS/BDMXPORT
2025-04-10 15:32:51.326667 - Found BPUT.txt (text/plain) in SBGOLOB.CBT509.FILE937, moved to PDS/BPUT
2025-04-10 15:32:51.326865 - Found HELP.xmi (application/xmit) in SBGOLOB.CBT509.FILE937, moved to PDS/HELP.xmi
2025-04-10 15:32:51.784854 - Received SBGOLOB.BDM150A.HELP from HELP.xmi 
2025-04-10 15:32:51.786132 - Found $$INTRO1.txt (text/plain) in SBGOLOB.BDM150A.HELP, moved to HELP/$$INTRO1
2025-04-10 15:32:51.786306 - Found $$INTRO2.txt (text/plain) in SBGOLOB.BDM150A.HELP, moved to HELP/$$INTRO2
2025-04-10 15:32:51.786425 - Found ###BAT.txt (text/plain) in SBGOLOB.BDM150A.HELP, moved to HELP/###BAT
2025-04-10 15:32:51.786538 - Found ###TSO.txt (text/plain) in SBGOLOB.BDM150A.HELP, moved to HELP/###TSO
2025-04-10 15:32:51.786649 - Found @BDMUTIL.txt (text/plain) in SBGOLOB.BDM150A.HELP, moved to HELP/@BDMUTIL
2025-04-10 15:32:51.786790 - Found BDMCALC.txt (text/plain) in SBGOLOB.BDM150A.HELP, moved to HELP/BDMCALC
2025-04-10 15:32:51.786912 - Found BDMCLEAN.txt (text/plain) in SBGOLOB.BDM150A.HELP, moved to HELP/BDMCLEAN
2025-04-10 15:32:51.787032 - Found BDMCVMSG.txt (text/plain) in SBGOLOB.BDM150A.HELP, moved to HELP/BDMCVMSG
2025-04-10 15:32:51.787167 - Found BDMDEL.txt (text/plain) in SBGOLOB.BDM150A.HELP, moved to HELP/BDMDEL
2025-04-10 15:32:51.787282 - Found BDMDIAG.txt (text/plain) in SBGOLOB.BDM150A.HELP, moved to HELP/BDMDIAG
2025-04-10 15:32:51.787386 - Found BDMDSFIX.txt (text/plain) in SBGOLOB.BDM150A.HELP, moved to HELP/BDMDSFIX
2025-04-10 15:32:51.787506 - Found BDMDUMP.txt (text/plain) in SBGOLOB.BDM150A.HELP, moved to HELP/BDMDUMP
2025-04-10 15:32:51.787642 - Found BDMEXPND.txt (text/plain) in SBGOLOB.BDM150A.HELP, moved to HELP/BDMEXPND
2025-04-10 15:32:51.787758 - Found BDMGTMSG.txt (text/plain) in SBGOLOB.BDM150A.HELP, moved to HELP/BDMGTMSG
2025-04-10 15:32:51.787867 - Found BDMGTUID.txt (text/plain) in SBGOLOB.BDM150A.HELP, moved to HELP/BDMGTUID
2025-04-10 15:32:51.787983 - Found BDMINIT.txt (text/plain) in SBGOLOB.BDM150A.HELP, moved to HELP/BDMINIT
2025-04-10 15:32:51.788123 - Found BDMLIST.txt (text/plain) in SBGOLOB.BDM150A.HELP, moved to HELP/BDMLIST
2025-04-10 15:32:51.788235 - Found BDMLRBA.txt (text/plain) in SBGOLOB.BDM150A.HELP, moved to HELP/BDMLRBA
2025-04-10 15:32:51.788355 - Found BDMMLOAD.txt (text/plain) in SBGOLOB.BDM150A.HELP, moved to HELP/BDMMLOAD
2025-04-10 15:32:51.788461 - Found BDMNLIST.txt (text/plain) in SBGOLOB.BDM150A.HELP, moved to HELP/BDMNLIST
2025-04-10 15:32:51.788604 - Found BDMNOTFY.txt (text/plain) in SBGOLOB.BDM150A.HELP, moved to HELP/BDMNOTFY
2025-04-10 15:32:51.788709 - Found BDMNUPD.txt (text/plain) in SBGOLOB.BDM150A.HELP, moved to HELP/BDMNUPD
2025-04-10 15:32:51.788835 - Found BDMNXPRT.txt (text/plain) in SBGOLOB.BDM150A.HELP, moved to HELP/BDMNXPRT
2025-04-10 15:32:51.788956 - Found BDMREST.txt (text/plain) in SBGOLOB.BDM150A.HELP, moved to HELP/BDMREST
2025-04-10 15:32:51.789117 - Found BDMSCAN.txt (text/plain) in SBGOLOB.BDM150A.HELP, moved to HELP/BDMSCAN
2025-04-10 15:32:51.789241 - Found BDMSEND.txt (text/plain) in SBGOLOB.BDM150A.HELP, moved to HELP/BDMSEND
2025-04-10 15:32:51.789360 - Found BDMULOAD.txt (text/plain) in SBGOLOB.BDM150A.HELP, moved to HELP/BDMULOAD
2025-04-10 15:32:51.789468 - Found BDMUSADD.txt (text/plain) in SBGOLOB.BDM150A.HELP, moved to HELP/BDMUSADD
2025-04-10 15:32:51.789575 - Found BDMUSDEL.txt (text/plain) in SBGOLOB.BDM150A.HELP, moved to HELP/BDMUSDEL
2025-04-10 15:32:51.789698 - Found BDMUSERS.txt (text/plain) in SBGOLOB.BDM150A.HELP, moved to HELP/BDMUSERS
2025-04-10 15:32:51.789801 - Found BDMUSORT.txt (text/plain) in SBGOLOB.BDM150A.HELP, moved to HELP/BDMUSORT
2025-04-10 15:32:51.789917 - Found BDMXPORT.txt (text/plain) in SBGOLOB.BDM150A.HELP, moved to HELP/BDMXPORT
2025-04-10 15:32:51.791177 - Found INCLUDE.txt (text/plain) in SBGOLOB.CBT509.FILE937, moved to PDS/INCLUDE
2025-04-10 15:32:51.791300 - Found INCLUDEA.txt (text/plain) in SBGOLOB.CBT509.FILE937, moved to PDS/INCLUDEA
2025-04-10 15:32:51.791425 - Found JCLLIB.xmi (application/xmit) in SBGOLOB.CBT509.FILE937, moved to PDS/JCLLIB.xmi
2025-04-10 15:32:52.020410 - Received SBGOLOB.BDM150A.JCL from JCLLIB.xmi 
2025-04-10 15:32:52.021720 - Found ##$INTRO.txt (text/plain) in SBGOLOB.BDM150A.JCL, moved to JCLLIB/##$INTRO
2025-04-10 15:32:52.021845 - Found ###BAT.txt (text/plain) in SBGOLOB.BDM150A.JCL, moved to JCLLIB/###BAT
2025-04-10 15:32:52.021958 - Found ###TSO.txt (text/plain) in SBGOLOB.BDM150A.JCL, moved to JCLLIB/###TSO
2025-04-10 15:32:52.022080 - Found BDMCAL$1.jcl (text/plain) in SBGOLOB.BDM150A.JCL, moved to JCLLIB/BDMCAL$1
2025-04-10 15:32:52.022187 - Found BDMCLE$1.jcl (text/plain) in SBGOLOB.BDM150A.JCL, moved to JCLLIB/BDMCLE$1
2025-04-10 15:32:52.022293 - Found BDMCVM$1.jcl (text/plain) in SBGOLOB.BDM150A.JCL, moved to JCLLIB/BDMCVM$1
2025-04-10 15:32:52.022396 - Found BDMDEL$1.jcl (text/plain) in SBGOLOB.BDM150A.JCL, moved to JCLLIB/BDMDEL$1
2025-04-10 15:32:52.022502 - Found BDMDIA$1.jcl (text/plain) in SBGOLOB.BDM150A.JCL, moved to JCLLIB/BDMDIA$1
2025-04-10 15:32:52.022623 - Found BDMDSF$1.jcl (text/plain) in SBGOLOB.BDM150A.JCL, moved to JCLLIB/BDMDSF$1
2025-04-10 15:32:52.022721 - Found BDMDUM$1.jcl (text/plain) in SBGOLOB.BDM150A.JCL, moved to JCLLIB/BDMDUM$1
2025-04-10 15:32:52.022829 - Found BDMEXP$1.jcl (text/plain) in SBGOLOB.BDM150A.JCL, moved to JCLLIB/BDMEXP$1
2025-04-10 15:32:52.022934 - Found BDMGTM$1.jcl (text/plain) in SBGOLOB.BDM150A.JCL, moved to JCLLIB/BDMGTM$1
2025-04-10 15:32:52.023035 - Found BDMGTU$1.jcl (text/plain) in SBGOLOB.BDM150A.JCL, moved to JCLLIB/BDMGTU$1
2025-04-10 15:32:52.023132 - Found BDMGTU$2.jcl (text/plain) in SBGOLOB.BDM150A.JCL, moved to JCLLIB/BDMGTU$2
2025-04-10 15:32:52.023232 - Found BDMGTU$3.jcl (text/plain) in SBGOLOB.BDM150A.JCL, moved to JCLLIB/BDMGTU$3
2025-04-10 15:32:52.023336 - Found BDMINI$1.jcl (text/plain) in SBGOLOB.BDM150A.JCL, moved to JCLLIB/BDMINI$1
2025-04-10 15:32:52.023440 - Found BDMLIS$1.jcl (text/plain) in SBGOLOB.BDM150A.JCL, moved to JCLLIB/BDMLIS$1
2025-04-10 15:32:52.023542 - Found BDMLRB$1.jcl (text/plain) in SBGOLOB.BDM150A.JCL, moved to JCLLIB/BDMLRB$1
2025-04-10 15:32:52.023653 - Found BDMMLO$1.jcl (text/plain) in SBGOLOB.BDM150A.JCL, moved to JCLLIB/BDMMLO$1
2025-04-10 15:32:52.023766 - Found BDMNLI$1.jcl (text/plain) in SBGOLOB.BDM150A.JCL, moved to JCLLIB/BDMNLI$1
2025-04-10 15:32:52.023880 - Found BDMNOT$1.jcl (text/plain) in SBGOLOB.BDM150A.JCL, moved to JCLLIB/BDMNOT$1
2025-04-10 15:32:52.023981 - Found BDMNUP$1.jcl (text/plain) in SBGOLOB.BDM150A.JCL, moved to JCLLIB/BDMNUP$1
2025-04-10 15:32:52.024090 - Found BDMNXP$1.jcl (text/plain) in SBGOLOB.BDM150A.JCL, moved to JCLLIB/BDMNXP$1
2025-04-10 15:32:52.024191 - Found BDMRES$1.jcl (text/plain) in SBGOLOB.BDM150A.JCL, moved to JCLLIB/BDMRES$1
2025-04-10 15:32:52.024292 - Found BDMSCA$1.jcl (text/plain) in SBGOLOB.BDM150A.JCL, moved to JCLLIB/BDMSCA$1
2025-04-10 15:32:52.024402 - Found BDMSEN$1.jcl (text/plain) in SBGOLOB.BDM150A.JCL, moved to JCLLIB/BDMSEN$1
2025-04-10 15:32:52.024505 - Found BDMSEN$2.jcl (text/plain) in SBGOLOB.BDM150A.JCL, moved to JCLLIB/BDMSEN$2
2025-04-10 15:32:52.024616 - Found BDMULO$1.jcl (text/plain) in SBGOLOB.BDM150A.JCL, moved to JCLLIB/BDMULO$1
2025-04-10 15:32:52.024738 - Found BDMUSA$1.jcl (text/plain) in SBGOLOB.BDM150A.JCL, moved to JCLLIB/BDMUSA$1
2025-04-10 15:32:52.024844 - Found BDMUSA$2.jcl (text/plain) in SBGOLOB.BDM150A.JCL, moved to JCLLIB/BDMUSA$2
2025-04-10 15:32:52.024949 - Found BDMUSD$1.jcl (text/plain) in SBGOLOB.BDM150A.JCL, moved to JCLLIB/BDMUSD$1
2025-04-10 15:32:52.025057 - Found BDMUSD$2.jcl (text/plain) in SBGOLOB.BDM150A.JCL, moved to JCLLIB/BDMUSD$2
2025-04-10 15:32:52.025170 - Found BDMUSE$1.jcl (text/plain) in SBGOLOB.BDM150A.JCL, moved to JCLLIB/BDMUSE$1
2025-04-10 15:32:52.025272 - Found BDMUSO$1.jcl (text/plain) in SBGOLOB.BDM150A.JCL, moved to JCLLIB/BDMUSO$1
2025-04-10 15:32:52.025374 - Found BDMXPO$1.jcl (text/plain) in SBGOLOB.BDM150A.JCL, moved to JCLLIB/BDMXPO$1
2025-04-10 15:32:52.025474 - Found BRODUMMY.txt (text/plain) in SBGOLOB.BDM150A.JCL, moved to JCLLIB/BRODUMMY
2025-04-10 15:32:52.026746 - Found JOBCARD.jcl (text/plain) in SBGOLOB.CBT509.FILE937, moved to PDS/JOBCARD
2025-04-10 15:32:52.026918 - Found LOADLIB.xmi (application/xmit) in SBGOLOB.CBT509.FILE937, moved to PDS/LOADLIB.xmi
2025-04-10 15:32:52.069891 - Received SBGOLOB.BDM150A.LOADLIB from LOADLIB.xmi 
2025-04-10 15:32:52.070586 - Found BDMCALC.bin (application/octet-stream) in SBGOLOB.BDM150A.LOADLIB, moved to LOADLIB/BDMCALC
2025-04-10 15:32:52.070701 - Found BDMCLEAN.bin (application/octet-stream) in SBGOLOB.BDM150A.LOADLIB, moved to LOADLIB/BDMCLEAN
2025-04-10 15:32:52.070827 - Found BDMCVMSG.bin (application/octet-stream) in SBGOLOB.BDM150A.LOADLIB, moved to LOADLIB/BDMCVMSG
2025-04-10 15:32:52.070958 - Found BDMDEL.bin (application/octet-stream) in SBGOLOB.BDM150A.LOADLIB, moved to LOADLIB/BDMDEL
2025-04-10 15:32:52.071079 - Found BDMDIAG.bin (application/octet-stream) in SBGOLOB.BDM150A.LOADLIB, moved to LOADLIB/BDMDIAG
2025-04-10 15:32:52.071177 - Found BDMDSFIX.bin (application/octet-stream) in SBGOLOB.BDM150A.LOADLIB, moved to LOADLIB/BDMDSFIX
2025-04-10 15:32:52.071283 - Found BDMDUMP.bin (application/octet-stream) in SBGOLOB.BDM150A.LOADLIB, moved to LOADLIB/BDMDUMP
2025-04-10 15:32:52.071407 - Found BDMEXPND.bin (application/octet-stream) in SBGOLOB.BDM150A.LOADLIB, moved to LOADLIB/BDMEXPND
2025-04-10 15:32:52.071547 - Found BDMGTMSG.bin (application/octet-stream) in SBGOLOB.BDM150A.LOADLIB, moved to LOADLIB/BDMGTMSG
2025-04-10 15:32:52.071663 - Found BDMGTUID.bin (application/octet-stream) in SBGOLOB.BDM150A.LOADLIB, moved to LOADLIB/BDMGTUID
2025-04-10 15:32:52.071772 - Found BDMINIT.bin (application/octet-stream) in SBGOLOB.BDM150A.LOADLIB, moved to LOADLIB/BDMINIT
2025-04-10 15:32:52.071891 - Found BDMLIST.bin (application/octet-stream) in SBGOLOB.BDM150A.LOADLIB, moved to LOADLIB/BDMLIST
2025-04-10 15:32:52.072011 - Found BDMLRBA.bin (application/octet-stream) in SBGOLOB.BDM150A.LOADLIB, moved to LOADLIB/BDMLRBA
2025-04-10 15:32:52.072111 - Found BDMMLOAD.bin (application/octet-stream) in SBGOLOB.BDM150A.LOADLIB, moved to LOADLIB/BDMMLOAD
2025-04-10 15:32:52.072210 - Found BDMNLIST.bin (application/octet-stream) in SBGOLOB.BDM150A.LOADLIB, moved to LOADLIB/BDMNLIST
2025-04-10 15:32:52.072344 - Found BDMNOTFY.bin (application/octet-stream) in SBGOLOB.BDM150A.LOADLIB, moved to LOADLIB/BDMNOTFY
2025-04-10 15:32:52.072453 - Found BDMNUPD.bin (application/octet-stream) in SBGOLOB.BDM150A.LOADLIB, moved to LOADLIB/BDMNUPD
2025-04-10 15:32:52.072571 - Found BDMNXPRT.bin (application/octet-stream) in SBGOLOB.BDM150A.LOADLIB, moved to LOADLIB/BDMNXPRT
2025-04-10 15:32:52.072723 - Found BDMREST.bin (application/octet-stream) in SBGOLOB.BDM150A.LOADLIB, moved to LOADLIB/BDMREST
2025-04-10 15:32:52.072828 - Found BDMSCAN.bin (application/octet-stream) in SBGOLOB.BDM150A.LOADLIB, moved to LOADLIB/BDMSCAN
2025-04-10 15:32:52.072952 - Found BDMSEND.bin (application/octet-stream) in SBGOLOB.BDM150A.LOADLIB, moved to LOADLIB/BDMSEND
2025-04-10 15:32:52.073073 - Found BDMULOAD.bin (application/octet-stream) in SBGOLOB.BDM150A.LOADLIB, moved to LOADLIB/BDMULOAD
2025-04-10 15:32:52.073226 - Found BDMUSADD.bin (application/octet-stream) in SBGOLOB.BDM150A.LOADLIB, moved to LOADLIB/BDMUSADD
2025-04-10 15:32:52.073367 - Found BDMUSDEL.bin (application/octet-stream) in SBGOLOB.BDM150A.LOADLIB, moved to LOADLIB/BDMUSDEL
2025-04-10 15:32:52.073495 - Found BDMUSERS.bin (application/octet-stream) in SBGOLOB.BDM150A.LOADLIB, moved to LOADLIB/BDMUSERS
2025-04-10 15:32:52.073627 - Found BDMUSORT.bin (application/octet-stream) in SBGOLOB.BDM150A.LOADLIB, moved to LOADLIB/BDMUSORT
2025-04-10 15:32:52.073777 - Found BDMXPORT.bin (application/octet-stream) in SBGOLOB.BDM150A.LOADLIB, moved to LOADLIB/BDMXPORT
2025-04-10 15:32:52.075027 - Found PANELS.xmi (application/xmit) in SBGOLOB.CBT509.FILE937, moved to PDS/PANELS.xmi
2025-04-10 15:32:52.117445 - Received SBGOLOB.BDM150A.PANELS from PANELS.xmi 
2025-04-10 15:32:52.117972 - Found BDMPNL1.txt (text/plain) in SBGOLOB.BDM150A.PANELS, moved to PANELS/BDMPNL1
2025-04-10 15:32:52.118096 - Found BDMPNL2.txt (text/plain) in SBGOLOB.BDM150A.PANELS, moved to PANELS/BDMPNL2
2025-04-10 15:32:52.118232 - Found BDMPNL3.txt (text/plain) in SBGOLOB.BDM150A.PANELS, moved to PANELS/BDMPNL3
2025-04-10 15:32:52.118363 - Found BDMPNL4.txt (text/plain) in SBGOLOB.BDM150A.PANELS, moved to PANELS/BDMPNL4
2025-04-10 15:32:52.118468 - Found PROGRBAR.txt (text/plain) in SBGOLOB.BDM150A.PANELS, moved to PANELS/PROGRBAR
